[2024-07-30T17:36:03.904+0700] {taskinstance.py:1159} INFO - Dependencies all met for dep_context=non-requeueable deps ti=<TaskInstance: hello_world_dag.hello_world_task scheduled__2024-07-30T10:35:00+00:00 [queued]>
[2024-07-30T17:36:03.907+0700] {taskinstance.py:1159} INFO - Dependencies all met for dep_context=requeueable deps ti=<TaskInstance: hello_world_dag.hello_world_task scheduled__2024-07-30T10:35:00+00:00 [queued]>
[2024-07-30T17:36:03.907+0700] {taskinstance.py:1361} INFO - Starting attempt 1 of 4
[2024-07-30T17:36:03.913+0700] {taskinstance.py:1382} INFO - Executing <Task(PythonOperator): hello_world_task> on 2024-07-30 10:35:00+00:00
[2024-07-30T17:36:03.916+0700] {standard_task_runner.py:57} INFO - Started process 49452 to run task
[2024-07-30T17:36:03.919+0700] {standard_task_runner.py:84} INFO - Running: ['airflow', 'tasks', 'run', 'hello_world_dag', 'hello_world_task', 'scheduled__2024-07-30T10:35:00+00:00', '--job-id', '7', '--raw', '--subdir', 'DAGS_FOLDER/hello_world_dag/hello_world_dag.py', '--cfg-path', '/var/folders/y6/1jc_sv5133l2w19t8cj_c4s40000gn/T/tmphguzww68']
[2024-07-30T17:36:03.921+0700] {standard_task_runner.py:85} INFO - Job 7: Subtask hello_world_task
[2024-07-30T17:36:03.958+0700] {task_command.py:416} INFO - Running <TaskInstance: hello_world_dag.hello_world_task scheduled__2024-07-30T10:35:00+00:00 [running]> on host vuongs-macbook-pro.local
[2024-07-30T17:36:03.990+0700] {taskinstance.py:1662} INFO - Exporting env vars: AIRFLOW_CTX_DAG_OWNER='Ranga' AIRFLOW_CTX_DAG_ID='hello_world_dag' AIRFLOW_CTX_TASK_ID='hello_world_task' AIRFLOW_CTX_EXECUTION_DATE='2024-07-30T10:35:00+00:00' AIRFLOW_CTX_TRY_NUMBER='1' AIRFLOW_CTX_DAG_RUN_ID='scheduled__2024-07-30T10:35:00+00:00'
[2024-07-30T17:36:03.990+0700] {python.py:194} INFO - Done. Returned value was: Hello World!
[2024-07-30T17:36:03.997+0700] {taskinstance.py:1400} INFO - Marking task as SUCCESS. dag_id=hello_world_dag, task_id=hello_world_task, execution_date=20240730T103500, start_date=20240730T103603, end_date=20240730T103603
[2024-07-30T17:36:04.013+0700] {local_task_job_runner.py:228} INFO - Task exited with return code 0
[2024-07-30T17:36:04.022+0700] {taskinstance.py:2778} INFO - 0 downstream tasks scheduled from follow-on schedule check
[2024-07-30T17:36:20.042+0700] {taskinstance.py:1159} INFO - Dependencies all met for dep_context=non-requeueable deps ti=<TaskInstance: hello_world_dag.hello_world_task scheduled__2024-07-30T10:35:00+00:00 [queued]>
[2024-07-30T17:36:20.045+0700] {taskinstance.py:1159} INFO - Dependencies all met for dep_context=requeueable deps ti=<TaskInstance: hello_world_dag.hello_world_task scheduled__2024-07-30T10:35:00+00:00 [queued]>
[2024-07-30T17:36:20.045+0700] {taskinstance.py:1361} INFO - Starting attempt 1 of 4
[2024-07-30T17:36:20.053+0700] {taskinstance.py:1382} INFO - Executing <Task(PythonOperator): hello_world_task> on 2024-07-30 10:35:00+00:00
[2024-07-30T17:36:20.056+0700] {standard_task_runner.py:57} INFO - Started process 49658 to run task
[2024-07-30T17:36:20.059+0700] {standard_task_runner.py:84} INFO - Running: ['airflow', 'tasks', 'run', 'hello_world_dag', 'hello_world_task', 'scheduled__2024-07-30T10:35:00+00:00', '--job-id', '7', '--raw', '--subdir', 'DAGS_FOLDER/hello_world_dag/hello_world_dag.py', '--cfg-path', '/var/folders/y6/1jc_sv5133l2w19t8cj_c4s40000gn/T/tmppogdh44o']
[2024-07-30T17:36:20.060+0700] {standard_task_runner.py:85} INFO - Job 7: Subtask hello_world_task
[2024-07-30T17:36:20.081+0700] {task_command.py:416} INFO - Running <TaskInstance: hello_world_dag.hello_world_task scheduled__2024-07-30T10:35:00+00:00 [running]> on host vuongs-macbook-pro.local
[2024-07-30T17:36:20.111+0700] {taskinstance.py:1662} INFO - Exporting env vars: AIRFLOW_CTX_DAG_OWNER='Ranga' AIRFLOW_CTX_DAG_ID='hello_world_dag' AIRFLOW_CTX_TASK_ID='hello_world_task' AIRFLOW_CTX_EXECUTION_DATE='2024-07-30T10:35:00+00:00' AIRFLOW_CTX_TRY_NUMBER='1' AIRFLOW_CTX_DAG_RUN_ID='scheduled__2024-07-30T10:35:00+00:00'
[2024-07-30T17:36:20.111+0700] {python.py:194} INFO - Done. Returned value was: Hello World!
[2024-07-30T17:36:20.118+0700] {taskinstance.py:1400} INFO - Marking task as SUCCESS. dag_id=hello_world_dag, task_id=hello_world_task, execution_date=20240730T103500, start_date=20240730T103620, end_date=20240730T103620
[2024-07-30T17:36:20.166+0700] {local_task_job_runner.py:228} INFO - Task exited with return code 0
[2024-07-30T17:36:20.174+0700] {taskinstance.py:2778} INFO - 0 downstream tasks scheduled from follow-on schedule check
